vite v8.0.16 building client environment for production...
[2Ktransforming...✓ 138 modules transformed.
✗ Build failed in 95ms
error during build:
Build failed with 4 errors:

[31m[builtin:vite-transform] [0mUnexpected token. Did you mean `{'}'}` or `&rbrace;`?
   [38;5;246m╭[0m[38;5;246m─[0m[38;5;246m[[0m owasp_lab/security-misconfig/intermediate/verbose-errors/dashboard.tsx:7:1 [38;5;246m][0m
   [38;5;246m│[0m
 [38;5;246m7 │[0m [38;5;249m}[0m[38;5;249m [0m[38;5;249me[0m[38;5;249ml[0m[38;5;249ms[0m[38;5;249me[0m[38;5;249m [0m[38;5;249m{[0m
 [38;5;240m  │[0m │ 
 [38;5;240m  │[0m ╰─ 
[38;5;246m───╯[0m

[31m[builtin:vite-transform] [0mExpected corresponding JSX closing tag for 'div'.
    [38;5;246m╭[0m[38;5;246m─[0m[38;5;246m[[0m owasp_lab/supply-chain/beginner/plugin-loader/index.tsx:23:7 [38;5;246m][0m
    [38;5;246m│[0m
 [38;5;246m18 │[0m [38;5;249m [0m[38;5;249m [0m[38;5;249m [0m[38;5;249m [0m[38;5;249m<[0mdiv[38;5;249m [0m[38;5;249mc[0m[38;5;249ml[0m[38;5;249ma[0m[38;5;249ms[0m[38;5;249ms[0m[38;5;249mN[0m[38;5;249ma[0m[38;5;249mm[0m[38;5;249me[0m[38;5;249m=[0m[38;5;249m"[0m[38;5;249mh[0m[38;5;249me[0m[38;5;249ma[0m[38;5;249md[0m[38;5;249m-[0m[38;5;249mw[0m[38;5;249mr[0m[38;5;249ma[0m[38;5;249mp[0m[38;5;249mp[0m[38;5;249me[0m[38;5;249mr[0m[38;5;249m"[0m[38;5;249m>[0m
 [38;5;240m   │[0m      ─┬─  
 [38;5;240m   │[0m       ╰─── Opened here
 [38;5;240m   │[0m 
 [38;5;246m23 │[0m [38;5;249m [0m[38;5;249m [0m[38;5;249m [0m[38;5;249m [0m[38;5;249m<[0m[38;5;249m/[0mheader[38;5;249m>[0m
 [38;5;240m   │[0m       ───┬──  
 [38;5;240m   │[0m          ╰──── Expected `</div>`
[38;5;246m────╯[0m

[31m[builtin:vite-transform] [0mUnterminated string
    [38;5;246m╭[0m[38;5;246m─[0m[38;5;246m[[0m owasp_lab/supply-chain/advanced/loader-manipulation/index.tsx:30:64 [38;5;246m][0m
    [38;5;246m│[0m
 [38;5;246m30 │[0m [38;5;249m [0m[38;5;249m [0m[38;5;249m [0m[38;5;249m [0m[38;5;249m [0m[38;5;249m [0m[38;5;249m [0m[38;5;249m [0m[38;5;249m [0m[38;5;249m [0m[38;5;249m [0m[38;5;249m [0m[38;5;249m<[0m[38;5;249md[0m[38;5;249mi[0m[38;5;249mv[0m[38;5;249m [0m[38;5;249mc[0m[38;5;249ml[0m[38;5;249ma[0m[38;5;249ms[0m[38;5;249ms[0m[38;5;249mN[0m[38;5;249ma[0m[38;5;249mm[0m[38;5;249me[0m[38;5;249m=[0m[38;5;249m"[0m[38;5;249mm[0m[38;5;249mt[0m[38;5;249m-[0m[38;5;249m5[0m[38;5;249m [0m[38;5;249mt[0m[38;5;249me[0m[38;5;249mx[0m[38;5;249mt[0m[38;5;249m-[0m[38;5;249mc[0m[38;5;249me[0m[38;5;249mn[0m[38;5;249mt[0m[38;5;249me[0m[38;5;249mr[0m[38;5;249m [0m[38;5;249mx[0m[38;5;249m-[0m[38;5;249ms[0m[38;5;249mm[0m[38;5;249ma[0m[38;5;249ml[0m[38;5;249ml[0m[38;5;249m [0m[38;5;249mo[0m[38;5;249mp[0m[38;5;249ma[0m[38;5;249mc[0m[38;5;249mi[0m[38;5;249mt[0m[38;5;249my[0m[38;5;249m-[0m[38;5;249m5[0m[38;5;249m0[0m">
 [38;5;240m   │[0m                                                                ─┬─  
 [38;5;240m   │[0m                                                                 ╰─── 
[38;5;246m────╯[0m

[31m[builtin:vite-transform] [0mInvalid characters after number
    [38;5;246m╭[0m[38;5;246m─[0m[38;5;246m[[0m owasp_lab/security-misconfig/intermediate/insecure-headers/dashboard.tsx:27:45 [38;5;246m][0m
    [38;5;246m│[0m
 [38;5;246m27 │[0m [38;5;249m [0m[38;5;249m [0m[38;5;249m [0m[38;5;249m [0m[38;5;249m [0m[38;5;249m [0m[38;5;249m [0m[38;5;249m [0m[38;5;249m [0m[38;5;249m [0m[38;5;249m [0m[38;5;249m [0m[38;5;249m [0m[38;5;249m [0m[38;5;249m [0m[38;5;249m [0m[38;5;249m [0m[38;5;249m [0m[38;5;249m [0m[38;5;249m [0m[38;5;249m<[0m[38;5;249ml[0m[38;5;249mi[0m[38;5;249m>[0m[38;5;249mV[0m[38;5;249me[0m[38;5;249mr[0m[38;5;249mi[0m[38;5;249mf[0m[38;5;249my[0m[38;5;249m:[0m[38;5;249m [0m[38;5;249m<[0m[38;5;249mc[0m[38;5;249mo[0m[38;5;249md[0m[38;5;249me[0m[38;5;249m>[0m[38;5;249mF[0m[38;5;249mL[0m[38;5;249mA[0m[38;5;249mG[0m[38;5;249m{[0m[38;5;249m6[0md[38;5;249m6[0m[38;5;249m9[0m[38;5;249m7[0m[38;5;249m3[0m[38;5;249m6[0m[38;5;249m3[0m[38;5;249m6[0m[38;5;249mf[0m[38;5;249m6[0m[38;5;249me[0m[38;5;249m6[0m[38;5;249m6[0m[38;5;249m6[0m[38;5;249m9[0m[38;5;249m6[0m[38;5;249m7[0m[38;5;249m5[0m[38;5;249mf[0m[38;5;249m3[0m[38;5;249m0[0m[38;5;249m3[0m[38;5;249m4[0m[38;5;249m}[0m[38;5;249m<[0m[38;5;249m/[0m[38;5;249mc[0m[38;5;249mo[0m[38;5;249md[0m[38;5;249me[0m[38;5;249m>[0m[38;5;249m [0m[38;5;249mi[0m[38;5;249mn[0m[38;5;249m [0m[38;5;249ma[0m[38;5;249mu[0m[38;5;249md[0m[38;5;249mi[0m[38;5;249mt[0m[38;5;249m [0m[38;5;249ml[0m[38;5;249mo[0m[38;5;249mg[0m[38;5;249ms[0m[38;5;249m.[0m[38;5;249m<[0m[38;5;249m/[0m[38;5;249ml[0m[38;5;249mi[0m[38;5;249m>[0m
 [38;5;240m   │[0m                                             ┬  
 [38;5;240m   │[0m                                             ╰── 
[38;5;246m────╯[0m

    at aggregateBindingErrorsIntoJsError (file:///D:/download/node_modules/rolldown/dist/shared/error-BuvQYXuZ.mjs:48:18)
    at unwrapBindingResult (file:///D:/download/node_modules/rolldown/dist/shared/error-BuvQYXuZ.mjs:18:128)
    at #build (file:///D:/download/node_modules/rolldown/dist/shared/rolldown-build-CrPk_lZe.mjs:3246:34)
    at async buildEnvironment (file:///D:/download/node_modules/vite/dist/node/chunks/node.js:33253:64)
    at async Object.build (file:///D:/download/node_modules/vite/dist/node/chunks/node.js:33675:19)
    at async Object.buildApp (file:///D:/download/node_modules/vite/dist/node/chunks/node.js:33672:153)
    at async CAC.<anonymous> (file:///D:/download/node_modules/vite/dist/node/cli.js:777:3) {
  errors: [Getter/Setter]
}
